Using pre-set license
Built from '2020.3/staging' branch; Version is '2020.3.0f1 (c7b5465681fb) revision 13088070'; Using compiler version '192528614'; Build Type 'Release'
OS: 'Windows 10 Home; OS build 19042.928; Version 2009; 64bit' Language: 'ru' Physical Memory: 16159 MB
BatchMode: 1, IsHumanControllingUs: 0, StartBugReporterOnCrash: 0, Is64bit: 1, IsPro: 0

 COMMAND LINE ARGUMENTS:
C:\Program Files\Unity\Hub\Editor\2020.3.0f1\Editor\Unity.exe
-adb2
-batchMode
-noUpm
-name
AssetImportWorker0
-projectPath
C:/Users/User/Documents/GitHub/First_Laba_Unity/Laba_4
-logFile
Logs/AssetImportWorker0.log
-srvPort
50046
Successfully changed project path to: C:/Users/User/Documents/GitHub/First_Laba_Unity/Laba_4
C:/Users/User/Documents/GitHub/First_Laba_Unity/Laba_4
Using Asset Import Pipeline V2.
Refreshing native plugins compatible for Editor in 25.78 ms, found 0 plugins.
Preloading 0 native plugins for Editor in 0.00 ms.
Initialize engine version: 2020.3.0f1 (c7b5465681fb)
[Subsystems] Discovering subsystems at path C:/Program Files/Unity/Hub/Editor/2020.3.0f1/Editor/Data/Resources/UnitySubsystems
[Subsystems] Discovering subsystems at path C:/Users/User/Documents/GitHub/First_Laba_Unity/Laba_4/Assets
GfxDevice: creating device client; threaded=0
Direct3D:
    Version:  Direct3D 11.0 [level 11.0]
    Renderer: NVIDIA GeForce MX130 (ID=0x174d)
    Vendor:   
    VRAM:     2010 MB
    Driver:   27.21.14.6140
Initialize mono
Mono path[0] = 'C:/Program Files/Unity/Hub/Editor/2020.3.0f1/Editor/Data/Managed'
Mono path[1] = 'C:/Program Files/Unity/Hub/Editor/2020.3.0f1/Editor/Data/MonoBleedingEdge/lib/mono/unityjit'
Mono config path = 'C:/Program Files/Unity/Hub/Editor/2020.3.0f1/Editor/Data/MonoBleedingEdge/etc'
Using monoOptions --debugger-agent=transport=dt_socket,embedding=1,server=y,suspend=n,address=127.0.0.1:56468
Begin MonoManager ReloadAssembly
Registering precompiled unity dll's ...
Register platform support module: C:/Program Files/Unity/Hub/Editor/2020.3.0f1/Editor/Data/PlaybackEngines/WindowsStandaloneSupport/UnityEditor.WindowsStandalone.Extensions.dll
Registered in 0.001886 seconds.
Native extension for WindowsStandalone target not found
Refreshing native plugins compatible for Editor in 33.42 ms, found 0 plugins.
Preloading 0 native plugins for Editor in 0.00 ms.
Invoked RoslynAnalysisRunner static constructor.
RoslynAnalysisRunner will not be running.
RoslynAnalysisRunner has terminated.
Mono: successfully reloaded assembly
- Completed reload, in  1.125 seconds
Platform modules already initialized, skipping
Registering precompiled user dll's ...
Registered in 0.000946 seconds.
Begin MonoManager ReloadAssembly
Native extension for WindowsStandalone target not found
Refreshing native plugins compatible for Editor in 0.32 ms, found 0 plugins.
Preloading 0 native plugins for Editor in 0.00 ms.
Invoked RoslynAnalysisRunner static constructor.
RoslynAnalysisRunner will not be running.
RoslynAnalysisRunner has terminated.
Mono: successfully reloaded assembly
- Completed reload, in  1.298 seconds
Platform modules already initialized, skipping
========================================================================
Worker process is ready to serve import requests
Launched and connected shader compiler UnityShaderCompiler.exe after 0.06 seconds
Refreshing native plugins compatible for Editor in 0.37 ms, found 0 plugins.
Preloading 0 native plugins for Editor in 0.00 ms.
Unloading 1280 Unused Serialized files (Serialized files now loaded: 0)
System memory in use before: 63.3 MB.
System memory in use after: 63.4 MB.

Unloading 10 unused Assets to reduce memory usage. Loaded Objects now: 1730.
Total: 2.608400 ms (FindLiveObjects: 0.338200 ms CreateObjectMapping: 0.088000 ms MarkObjects: 2.110500 ms  DeleteObjects: 0.070000 ms)

========================================================================
Received Import Request.
  path: Assets/Scene/Jungle 4.unity
  artifactKey: Guid(7a3b3fb90781c674e969a7914f755a82) Importer(815301076,1909f56bfc062723c751e8b465ee728b)
Start importing Assets/Scene/Jungle 4.unity using Guid(7a3b3fb90781c674e969a7914f755a82) Importer(815301076,1909f56bfc062723c751e8b465ee728b)  -> (artifact id: 'e0a96925d3b846de67f5b037f1583175') in 0.037521 seconds
  Import took 0.040176 seconds .

========================================================================
Received Import Request.
  Time since last request: 5.463109 seconds.
  path: Assets/Scene/Jungle 3.unity
  artifactKey: Guid(c29910cc23576154da8cee93b4533fc2) Importer(815301076,1909f56bfc062723c751e8b465ee728b)
Start importing Assets/Scene/Jungle 3.unity using Guid(c29910cc23576154da8cee93b4533fc2) Importer(815301076,1909f56bfc062723c751e8b465ee728b)  -> (artifact id: '264354d4c9fa34c3b7546de6bd39a228') in 0.015288 seconds
  Import took 0.017525 seconds .

========================================================================
Received Import Request.
  Time since last request: 29.391819 seconds.
  path: Assets/Scenes/1/NavMesh.asset
  artifactKey: Guid(387bb1af81f532d4597fd6193ea2d920) Importer(815301076,1909f56bfc062723c751e8b465ee728b)
Start importing Assets/Scenes/1/NavMesh.asset using Guid(387bb1af81f532d4597fd6193ea2d920) Importer(815301076,1909f56bfc062723c751e8b465ee728b)  -> (artifact id: '9865ce18da99d13a1872382773fea4e3') in 0.023981 seconds
  Import took 0.026098 seconds .

========================================================================
Received Import Request.
  Time since last request: 3.347468 seconds.
  path: Assets/Scenes/1.unity
  artifactKey: Guid(336b7bc0b01633d41b8999aee0dab4df) Importer(815301076,1909f56bfc062723c751e8b465ee728b)
Start importing Assets/Scenes/1.unity using Guid(336b7bc0b01633d41b8999aee0dab4df) Importer(815301076,1909f56bfc062723c751e8b465ee728b)  -> (artifact id: 'e7206833342b5d407d01b2d27f2f51e9') in 0.012640 seconds
  Import took 0.016022 seconds .

========================================================================
Received Import Request.
  Time since last request: 0.000848 seconds.
  path: Assets/Scenes/1.unity
  artifactKey: Guid(336b7bc0b01633d41b8999aee0dab4df) Importer(815301076,1909f56bfc062723c751e8b465ee728b)
Start importing Assets/Scenes/1.unity using Guid(336b7bc0b01633d41b8999aee0dab4df) Importer(815301076,1909f56bfc062723c751e8b465ee728b)  -> (artifact id: 'e7206833342b5d407d01b2d27f2f51e9') in 0.002155 seconds
  Import took 0.004157 seconds .

========================================================================
Received Prepare
Registering precompiled user dll's ...
Registered in 0.000632 seconds.
Begin MonoManager ReloadAssembly
Native extension for WindowsStandalone target not found
Refreshing native plugins compatible for Editor in 0.26 ms, found 0 plugins.
Preloading 0 native plugins for Editor in 0.00 ms.
Invoked RoslynAnalysisRunner static constructor.
RoslynAnalysisRunner will not be running.
RoslynAnalysisRunner has terminated.
Mono: successfully reloaded assembly
- Completed reload, in  0.721 seconds
Platform modules already initialized, skipping
Refreshing native plugins compatible for Editor in 0.38 ms, found 0 plugins.
Preloading 0 native plugins for Editor in 0.00 ms.
Unloading 1274 Unused Serialized files (Serialized files now loaded: 0)
System memory in use before: 63.3 MB.
System memory in use after: 63.4 MB.

Unloading 5 unused Assets to reduce memory usage. Loaded Objects now: 1734.
Total: 1.753800 ms (FindLiveObjects: 0.165800 ms CreateObjectMapping: 0.047800 ms MarkObjects: 1.519100 ms  DeleteObjects: 0.019000 ms)

========================================================================
Received Prepare
Registering precompiled user dll's ...
Registered in 0.001076 seconds.
Begin MonoManager ReloadAssembly
Native extension for WindowsStandalone target not found
Refreshing native plugins compatible for Editor in 0.35 ms, found 0 plugins.
Preloading 0 native plugins for Editor in 0.00 ms.
Invoked RoslynAnalysisRunner static constructor.
RoslynAnalysisRunner will not be running.
RoslynAnalysisRunner has terminated.
Mono: successfully reloaded assembly
- Completed reload, in  1.258 seconds
Platform modules already initialized, skipping
Refreshing native plugins compatible for Editor in 0.42 ms, found 0 plugins.
Preloading 0 native plugins for Editor in 0.00 ms.
Unloading 1273 Unused Serialized files (Serialized files now loaded: 0)
System memory in use before: 63.3 MB.
System memory in use after: 63.4 MB.

Unloading 5 unused Assets to reduce memory usage. Loaded Objects now: 1737.
Total: 2.544500 ms (FindLiveObjects: 0.248700 ms CreateObjectMapping: 0.083200 ms MarkObjects: 2.191800 ms  DeleteObjects: 0.019200 ms)

AssetImportWorkerClient::OnTransportError - code=2 error=End of file
